Using pre-set license
Built from '2020.3/staging' branch; Version is '2020.3.26f1 (7298b473bc1a) revision 7510196'; Using compiler version '192528614'; Build Type 'Release'
OS: 'Windows 10  (10.0.19044) 64bit Core' Language: 'en' Physical Memory: 16311 MB
BatchMode: 1, IsHumanControllingUs: 0, StartBugReporterOnCrash: 0, Is64bit: 1, IsPro: 0

COMMAND LINE ARGUMENTS:
C:\Program Files\Unity\Hub\Editor\2020.3.26f1\Editor\Unity.exe
-adb2
-batchMode
-noUpm
-name
AssetImportWorker0
-projectPath
D:/Unity Projects/Github/BrackeysJam8/Brackeys_Jam_8_You_Are_Not_Alone
-logFile
Logs/AssetImportWorker0.log
-srvPort
54838
Successfully changed project path to: D:/Unity Projects/Github/BrackeysJam8/Brackeys_Jam_8_You_Are_Not_Alone
D:/Unity Projects/Github/BrackeysJam8/Brackeys_Jam_8_You_Are_Not_Alone
Using Asset Import Pipeline V2.
Refreshing native plugins compatible for Editor in 40.16 ms, found 3 plugins.
Preloading 0 native plugins for Editor in 0.00 ms.
Initialize engine version: 2020.3.26f1 (7298b473bc1a)
[Subsystems] Discovering subsystems at path C:/Program Files/Unity/Hub/Editor/2020.3.26f1/Editor/Data/Resources/UnitySubsystems
[Subsystems] Discovering subsystems at path D:/Unity Projects/Github/BrackeysJam8/Brackeys_Jam_8_You_Are_Not_Alone/Assets
GfxDevice: creating device client; threaded=0
Direct3D:
    Version:  Direct3D 11.0 [level 11.1]
    Renderer: AMD Radeon RX 5700 XT (ID=0x731f)
    Vendor:   
    VRAM:     8151 MB
    Driver:   31.0.12019.5007
Initialize mono
Mono path[0] = 'C:/Program Files/Unity/Hub/Editor/2020.3.26f1/Editor/Data/Managed'
Mono path[1] = 'C:/Program Files/Unity/Hub/Editor/2020.3.26f1/Editor/Data/MonoBleedingEdge/lib/mono/unityjit'
Mono config path = 'C:/Program Files/Unity/Hub/Editor/2020.3.26f1/Editor/Data/MonoBleedingEdge/etc'
Using monoOptions --debugger-agent=transport=dt_socket,embedding=1,server=y,suspend=n,address=127.0.0.1:56000
Begin MonoManager ReloadAssembly
Registering precompiled unity dll's ...
Register platform support module: C:/Program Files/Unity/Hub/Editor/2020.3.26f1/Editor/Data/PlaybackEngines/WebGLSupport/UnityEditor.WebGL.Extensions.dll
Register platform support module: C:/Program Files/Unity/Hub/Editor/2020.3.26f1/Editor/Data/PlaybackEngines/WindowsStandaloneSupport/UnityEditor.WindowsStandalone.Extensions.dll
Registered in 0.002328 seconds.
Native extension for WindowsStandalone target not found
Native extension for WebGL target not found
Refreshing native plugins compatible for Editor in 39.47 ms, found 3 plugins.
Preloading 0 native plugins for Editor in 0.00 ms.
Mono: successfully reloaded assembly
- Completed reload, in  0.505 seconds
Domain Reload Profiling:
	ReloadAssembly (505ms)
		BeginReloadAssembly (47ms)
			ExecutionOrderSort (0ms)
			DisableScriptedObjects (0ms)
			BackupInstance (0ms)
			ReleaseScriptingObjects (0ms)
			CreateAndSetChildDomain (1ms)
		EndReloadAssembly (393ms)
			LoadAssemblies (45ms)
			RebuildTransferFunctionScriptingTraits (0ms)
			SetupTypeCache (128ms)
			ReleaseScriptCaches (0ms)
			RebuildScriptCaches (25ms)
			SetupLoadedEditorAssemblies (155ms)
				LogAssemblyErrors (0ms)
				InitializePlatformSupportModulesInManaged (4ms)
				SetLoadedEditorAssemblies (0ms)
				RefreshPlugins (40ms)
				BeforeProcessingInitializeOnLoad (13ms)
				ProcessInitializeOnLoadAttributes (70ms)
				ProcessInitializeOnLoadMethodAttributes (27ms)
				AfterProcessingInitializeOnLoad (0ms)
				EditorAssembliesLoaded (0ms)
			ExecutionOrderSort2 (0ms)
			AwakeInstancesAfterBackupRestoration (0ms)
Platform modules already initialized, skipping
Registering precompiled user dll's ...
Registered in 0.004448 seconds.
Begin MonoManager ReloadAssembly
Native extension for WindowsStandalone target not found
Native extension for WebGL target not found
Refreshing native plugins compatible for Editor in 41.19 ms, found 3 plugins.
Preloading 0 native plugins for Editor in 0.00 ms.
Mono: successfully reloaded assembly
- Completed reload, in  0.975 seconds
Domain Reload Profiling:
	ReloadAssembly (976ms)
		BeginReloadAssembly (121ms)
			ExecutionOrderSort (0ms)
			DisableScriptedObjects (4ms)
			BackupInstance (0ms)
			ReleaseScriptingObjects (0ms)
			CreateAndSetChildDomain (17ms)
		EndReloadAssembly (799ms)
			LoadAssemblies (89ms)
			RebuildTransferFunctionScriptingTraits (0ms)
			SetupTypeCache (265ms)
			ReleaseScriptCaches (1ms)
			RebuildScriptCaches (40ms)
			SetupLoadedEditorAssemblies (299ms)
				LogAssemblyErrors (0ms)
				InitializePlatformSupportModulesInManaged (4ms)
				SetLoadedEditorAssemblies (0ms)
				RefreshPlugins (41ms)
				BeforeProcessingInitializeOnLoad (71ms)
				ProcessInitializeOnLoadAttributes (162ms)
				ProcessInitializeOnLoadMethodAttributes (14ms)
				AfterProcessingInitializeOnLoad (7ms)
				EditorAssembliesLoaded (0ms)
			ExecutionOrderSort2 (0ms)
			AwakeInstancesAfterBackupRestoration (6ms)
Platform modules already initialized, skipping
========================================================================
Worker process is ready to serve import requests
Launched and connected shader compiler UnityShaderCompiler.exe after 0.04 seconds
Refreshing native plugins compatible for Editor in 0.56 ms, found 3 plugins.
Preloading 0 native plugins for Editor in 0.00 ms.
Unloading 2197 Unused Serialized files (Serialized files now loaded: 0)
System memory in use before: 95.8 MB.
System memory in use after: 95.9 MB.

Unloading 28 unused Assets to reduce memory usage. Loaded Objects now: 2630.
Total: 2.995000 ms (FindLiveObjects: 0.208500 ms CreateObjectMapping: 0.050000 ms MarkObjects: 2.672900 ms  DeleteObjects: 0.062500 ms)

AssetImportParameters requested are different than current active one (requested -> active):
  custom:framework-win-MediaFoundation: 216162199b28c13a410421893ffa2e32 -> 
  custom:video-decoder-ogg-theora: a1e56fd34408186e4bbccfd4996cb3dc -> 
  custom:container-muxer-webm: aa71ff27fc2769a1b78a27578f13a17b -> 
  custom:container-demuxer-webm: 4f35f7cbe854078d1ac9338744f61a02 -> 
  custom:container-demuxer-ogg: 62fdf1f143b41e24485cea50d1cbac27 -> 
  custom:video-encoder-webm-vp8: eb34c28f22e8b96e1ab97ce403110664 -> 
  custom:video-codec-MediaFoundation-h265: e54d7ab0439102e2317fc1e4b246158d -> 
  custom:video-decoder-webm-vp8: 9c59270c3fd7afecdb556c50c9e8de78 -> 
  custom:audio-decoder-ogg-vorbis: bf7c407c2cedff20999df2af8eb42d56 -> 
  custom:audio-encoder-webm-vorbis: bf7c407c2cedff20999df2af8eb42d56 -> 
========================================================================
Received Import Request.
  path: Assets
  artifactKey: Guid(00000000000000001000000000000000) Importer(815301076,1909f56bfc062723c751e8b465ee728b)
Start importing Assets using Guid(00000000000000001000000000000000) Importer(815301076,1909f56bfc062723c751e8b465ee728b)  -> (artifact id: '42d402b061de3733987d63b9cc3b64de') in 0.009635 seconds 
  Import took 0.333178 seconds .

========================================================================
Received Import Request.
  Time since last request: 1.410085 seconds.
  path: Assets/Scripts
  artifactKey: Guid(3ece10b2b2df0194cb08034b49d24542) Importer(815301076,1909f56bfc062723c751e8b465ee728b)
Start importing Assets/Scripts using Guid(3ece10b2b2df0194cb08034b49d24542) Importer(815301076,1909f56bfc062723c751e8b465ee728b)  -> (artifact id: '23044417ffaae5d38e109db13c6fc891') in 0.005525 seconds 
  Import took 0.009325 seconds .

========================================================================
Received Import Request.
  Time since last request: 4.679729 seconds.
  path: Assets/Sprite
  artifactKey: Guid(4a449e8d8208459498e0499e38f4b445) Importer(815301076,1909f56bfc062723c751e8b465ee728b)
Start importing Assets/Sprite using Guid(4a449e8d8208459498e0499e38f4b445) Importer(815301076,1909f56bfc062723c751e8b465ee728b)  -> (artifact id: '400926621413f09390b1225a0670d39f') in 0.005556 seconds 
  Import took 0.016372 seconds .

========================================================================
Received Import Request.
  Time since last request: 6.034233 seconds.
  path: Assets/Sprites
  artifactKey: Guid(4a449e8d8208459498e0499e38f4b445) Importer(815301076,1909f56bfc062723c751e8b465ee728b)
Start importing Assets/Sprites using Guid(4a449e8d8208459498e0499e38f4b445) Importer(815301076,1909f56bfc062723c751e8b465ee728b)  -> (artifact id: 'd93a8397ae522be966b137328ea0f714') in 0.005562 seconds 
  Import took 0.039268 seconds .

========================================================================
Received Import Request.
  Time since last request: 9.576147 seconds.
  path: Assets/Animation Controllers
  artifactKey: Guid(58fabe65cb4b91e4b89959aa7ab23003) Importer(815301076,1909f56bfc062723c751e8b465ee728b)
Start importing Assets/Animation Controllers using Guid(58fabe65cb4b91e4b89959aa7ab23003) Importer(815301076,1909f56bfc062723c751e8b465ee728b)  -> (artifact id: 'cd2aee65a537c9a042836b4f3edd14e5') in 0.005307 seconds 
  Import took 0.009417 seconds .

========================================================================
Received Import Request.
  Time since last request: 7.069473 seconds.
  path: Assets/Sound Effects
  artifactKey: Guid(841c501169bb7cc4cb8ba296df9c04e2) Importer(815301076,1909f56bfc062723c751e8b465ee728b)
Start importing Assets/Sound Effects using Guid(841c501169bb7cc4cb8ba296df9c04e2) Importer(815301076,1909f56bfc062723c751e8b465ee728b)  -> (artifact id: 'e460fe6370b9d25334b6aa9af3d97b97') in 0.005735 seconds 
  Import took 0.009157 seconds .

========================================================================
Received Import Request.
  Time since last request: 24.278271 seconds.
  path: Assets/Music
  artifactKey: Guid(db1489201696f0648a6b602bd7ea1a0c) Importer(815301076,1909f56bfc062723c751e8b465ee728b)
Start importing Assets/Music using Guid(db1489201696f0648a6b602bd7ea1a0c) Importer(815301076,1909f56bfc062723c751e8b465ee728b)  -> (artifact id: 'bbc239b40dde1225bb8b71e1089080e6') in 0.005708 seconds 
  Import took 0.009447 seconds .

========================================================================
Received Import Request.
  Time since last request: 46.187258 seconds.
  path: Assets/Prefabs
  artifactKey: Guid(9bf3dd561457ff84284e1e550aa0a273) Importer(815301076,1909f56bfc062723c751e8b465ee728b)
Start importing Assets/Prefabs using Guid(9bf3dd561457ff84284e1e550aa0a273) Importer(815301076,1909f56bfc062723c751e8b465ee728b)  -> (artifact id: 'b58204efab9ea199185aca667b579641') in 0.006014 seconds 
  Import took 0.009865 seconds .

AssetImportWorkerClient::OnTransportError - code=2 error=End of file
